2025-02-16 17:09:25,726 - dnd_character_builder - INFO - Incoming GET request to http://testserver/health
2025-02-16 17:09:25,726 - dnd_character_builder - INFO - Health check endpoint called
2025-02-16 17:09:25,727 - dnd_character_builder - INFO - Returning 200 response
2025-02-16 17:10:11,996 - dnd_character_builder - INFO - Incoming GET request to http://testserver/health
2025-02-16 17:10:11,997 - dnd_character_builder - INFO - Health check endpoint called
2025-02-16 17:10:11,997 - dnd_character_builder - INFO - Returning 200 response
2025-02-16 17:26:11,978 - dnd_character_builder - INFO - Incoming GET request to http://localhost:8000/health
2025-02-16 17:26:11,979 - dnd_character_builder - INFO - Health check endpoint called
2025-02-16 17:26:11,979 - dnd_character_builder - INFO - Returning 200 response
2025-02-16 21:59:27,984 - dnd_character_builder - INFO - Incoming GET request to http://testserver/health
2025-02-16 21:59:27,985 - dnd_character_builder - INFO - Health check endpoint called
2025-02-16 21:59:27,985 - dnd_character_builder - INFO - Returning 200 response
2025-02-16 22:17:01,706 - dnd_character_builder - INFO - Incoming GET request to http://testserver/health
2025-02-16 22:17:01,706 - dnd_character_builder - INFO - Health check endpoint called
2025-02-16 22:17:01,707 - dnd_character_builder - INFO - Returning 200 response
2025-02-17 15:05:55,254 - dnd_character_builder - INFO - Incoming GET request to http://testserver/health
2025-02-17 15:05:55,255 - dnd_character_builder - INFO - Health check endpoint called
2025-02-17 15:05:55,255 - dnd_character_builder - INFO - Returning 200 response
2025-02-17 15:05:55,261 - dnd_character_builder - INFO - Incoming GET request to http://testserver/
2025-02-17 15:05:55,262 - dnd_character_builder - INFO - Returning 200 response
2025-02-17 15:05:55,265 - dnd_character_builder - INFO - Incoming GET request to http://testserver/health
2025-02-17 15:05:55,265 - dnd_character_builder - INFO - Health check endpoint called
2025-02-17 15:05:55,265 - dnd_character_builder - INFO - Returning 200 response
2025-02-17 15:05:55,268 - dnd_character_builder - INFO - Incoming GET request to http://testserver/
2025-02-17 15:05:55,269 - dnd_character_builder - INFO - Returning 200 response
2025-02-17 15:05:55,272 - dnd_character_builder - INFO - Incoming OPTIONS request to http://testserver/
2025-02-17 15:05:55,272 - dnd_character_builder - INFO - Returning 200 response
2025-02-17 15:08:21,868 - dnd_character_builder - INFO - Incoming GET request to http://testserver/health
2025-02-17 15:08:21,869 - dnd_character_builder - INFO - Health check endpoint called
2025-02-17 15:08:21,869 - dnd_character_builder - INFO - Returning 200 response
2025-02-17 15:08:21,873 - dnd_character_builder - INFO - Incoming GET request to http://testserver/
2025-02-17 15:08:21,874 - dnd_character_builder - INFO - Returning 200 response
2025-02-17 15:08:21,876 - dnd_character_builder - INFO - Incoming GET request to http://testserver/health
2025-02-17 15:08:21,877 - dnd_character_builder - INFO - Health check endpoint called
2025-02-17 15:08:21,877 - dnd_character_builder - INFO - Returning 200 response
2025-02-17 15:08:21,880 - dnd_character_builder - INFO - Incoming GET request to http://testserver/
2025-02-17 15:08:21,880 - dnd_character_builder - INFO - Returning 200 response
2025-02-17 15:08:21,884 - dnd_character_builder - INFO - Incoming OPTIONS request to http://testserver/
2025-02-17 15:08:21,884 - dnd_character_builder - INFO - Returning 200 response
2025-02-17 15:08:59,368 - dnd_character_builder - INFO - Incoming GET request to http://testserver/health
2025-02-17 15:08:59,369 - dnd_character_builder - INFO - Health check endpoint called
2025-02-17 15:08:59,370 - dnd_character_builder - INFO - Returning 200 response
2025-02-17 15:08:59,374 - dnd_character_builder - INFO - Incoming GET request to http://testserver/
2025-02-17 15:08:59,374 - dnd_character_builder - INFO - Returning 200 response
2025-02-17 15:08:59,377 - dnd_character_builder - INFO - Incoming GET request to http://testserver/health
2025-02-17 15:08:59,377 - dnd_character_builder - INFO - Health check endpoint called
2025-02-17 15:08:59,378 - dnd_character_builder - INFO - Returning 200 response
2025-02-17 15:08:59,381 - dnd_character_builder - INFO - Incoming GET request to http://testserver/
2025-02-17 15:08:59,381 - dnd_character_builder - INFO - Returning 200 response
2025-02-17 15:08:59,385 - dnd_character_builder - INFO - Incoming OPTIONS request to http://testserver/
2025-02-17 15:08:59,385 - dnd_character_builder - INFO - Returning 200 response
